\BOOKMARK [-1][]{ctitle.-1}{\376\377\145\340\176\277\000M\000e\000s\000h\211\306\230\221\117\040\217\223\177\121\176\334\000Q\000o\000S\117\030\123\026\142\200\147\057\170\024\172\166}{}% 1
\BOOKMARK [0][]{thuchapter.1.0}{\376\377\144\130\000\040\211\201}{ctitle.-1}% 2
\BOOKMARK [0][]{thuchapter.2.0}{\376\377\000A\000b\000s\000t\000r\000a\000c\000t}{ctitle.-1}% 3
\BOOKMARK [0][]{thuchapter.3.0}{\376\377\166\356\000\040\137\125}{ctitle.-1}% 4
\BOOKMARK [0][]{thuchapter.4.0}{\376\377\116\073\211\201\173\046\123\367\133\371\161\147\210\150}{ctitle.-1}% 5
\BOOKMARK [0][]{chapter.1}{\376\377\173\054\0001\172\340\000\040\000\040\137\025\212\000}{ctitle.-1}% 6
\BOOKMARK [1][-]{section.1.1}{\376\377\0001\000.\0001\000\040\200\314\146\157\123\312\141\017\116\111}{chapter.1}% 7
\BOOKMARK [1][-]{section.1.2}{\376\377\0001\000.\0002\000\040\116\073\211\201\135\345\117\134}{chapter.1}% 8
\BOOKMARK [1][-]{section.1.3}{\376\377\0001\000.\0003\000\040\145\207\172\340\176\304\176\307\176\323\147\204}{chapter.1}% 9
\BOOKMARK [1][-]{section.1.4}{\376\377\0001\000.\0004\000\040\134\001\227\142\166\370\121\163}{chapter.1}% 10
\BOOKMARK [1][-]{section.1.5}{\376\377\0001\000.\0005\000\040\133\127\117\123\124\175\116\344}{chapter.1}% 11
\BOOKMARK [1][-]{section.1.6}{\376\377\0001\000.\0006\000\040\210\150\150\074\150\067\147\054}{chapter.1}% 12
\BOOKMARK [2][-]{subsection.1.6.1}{\376\377\0001\000.\0006\000.\0001\000\040\127\372\147\054\210\150\150\074}{section.1.6}% 13
\BOOKMARK [2][-]{subsection.1.6.2}{\376\377\0001\000.\0006\000.\0002\000\040\131\015\147\102\210\150\150\074}{section.1.6}% 14
\BOOKMARK [2][-]{subsection.1.6.3}{\376\377\0001\000.\0006\000.\0003\000\040\121\166\133\203}{section.1.6}% 15
\BOOKMARK [1][-]{section.1.7}{\376\377\0001\000.\0007\000\040\133\232\164\006\163\257\130\203}{chapter.1}% 16
\BOOKMARK [1][-]{section.1.8}{\376\377\0001\000.\0008\000\040\123\302\200\003\145\207\163\056}{chapter.1}% 17
\BOOKMARK [1][-]{section.1.9}{\376\377\0001\000.\0009\000\040\121\154\137\017}{chapter.1}% 18
\BOOKMARK [0][]{chapter.2}{\376\377\173\054\0002\172\340\000\040\000\040\166\370\121\163\135\345\117\134}{ctitle.-1}% 19
\BOOKMARK [1][-]{section.2.1}{\376\377\0002\000.\0001\000\040\145\340\176\277\000M\000e\000s\000h\177\121\176\334}{chapter.2}% 20
\BOOKMARK [1][-]{section.2.2}{\376\377\0002\000.\0002\000\040\145\340\176\277\000M\000e\000s\000h\177\121\176\334\116\055\166\204\215\357\165\061\142\200\147\057}{chapter.2}% 21
\BOOKMARK [2][-]{subsection.2.2.1}{\376\377\0002\000.\0002\000.\0001\000\040\116\073\211\201\215\357\165\061\142\200\147\057}{section.2.2}% 22
\BOOKMARK [2][-]{subsection.2.2.2}{\376\377\0002\000.\0002\000.\0002\000\040\117\030\123\026\166\204\224\376\215\357\162\266\140\001\215\357\165\061\377\010\000O\000L\000S\000R\377\011}{section.2.2}% 23
\BOOKMARK [2][-]{subsection.2.2.3}{\376\377\0002\000.\0002\000.\0003\000\040\000A\000d\000-\000h\000o\000c\177\121\176\334\227\000\154\102\232\161\122\250\166\204\215\335\171\273\124\021\221\317\215\357\165\061\123\117\213\256\377\010\000A\000O\000D\000V\377\011}{section.2.2}% 24
\BOOKMARK [2][-]{subsection.2.2.4}{\376\377\0002\000.\0002\000.\0004\000\040\224\210\133\371\171\373\122\250\000A\000d\000-\000h\000o\000c\177\121\176\334\166\204\215\357\165\061\123\117\213\256\377\010\000B\000A\000T\000M\000A\000N\377\011}{section.2.2}% 25
\BOOKMARK [2][-]{subsection.2.2.5}{\376\377\0002\000.\0002\000.\0005\000\040\000B\000A\000T\000M\000A\000N\123\107\176\247\162\110\377\010\000B\000A\000T\000M\000A\000N\000-\000a\000d\000v\377\011}{section.2.2}% 26
\BOOKMARK [1][-]{section.2.3}{\376\377\0002\000.\0003\000\040\0008\0000\0002\000.\0001\0001\123\117\213\256\174\007\000Q\000o\000S\145\057\143\001}{chapter.2}% 27
\BOOKMARK [1][-]{section.2.4}{\376\377\0002\000.\0004\000\040\145\340\176\277\000M\000e\000s\000h\177\121\176\334\211\306\230\221\117\040\217\223}{chapter.2}% 28
\BOOKMARK [1][-]{section.2.5}{\376\377\0002\000.\0005\000\040\121\166\133\203\117\213\133\120}{chapter.2}% 29
\BOOKMARK [2][-]{subsection.2.5.1}{\376\377\0002\000.\0005\000.\0001\000\040\176\330\126\376}{section.2.5}% 30
\BOOKMARK [2][-]{subsection.2.5.2}{\376\377\0002\000.\0005\000.\0002\000\040\143\322\126\376}{section.2.5}% 31
\BOOKMARK [0][]{chapter.3}{\376\377\173\054\0003\172\340\000\040\000\040\230\171\166\356\213\276\213\241}{ctitle.-1}% 32
\BOOKMARK [1][-]{section.3.1}{\376\377\0003\000.\0001\000\040\230\171\166\356\143\317\217\360}{chapter.3}% 33
\BOOKMARK [1][-]{section.3.2}{\376\377\0003\000.\0002\000\040\000B\000A\000T\000M\000A\000N\000-\000a\000d\000v\215\357\165\061\123\117\213\256}{chapter.3}% 34
\BOOKMARK [2][-]{subsection.3.2.1}{\376\377\0003\000.\0002\000.\0001\000\040\145\160\143\156\123\005\174\173\127\213}{section.3.2}% 35
\BOOKMARK [2][-]{subsection.3.2.2}{\376\377\0003\000.\0002\000.\0002\000\040\202\202\160\271\123\321\163\260}{section.3.2}% 36
\BOOKMARK [2][-]{subsection.3.2.3}{\376\377\0003\000.\0002\000.\0003\000\040\224\376\215\357\215\050\221\317\117\060\213\241}{section.3.2}% 37
\BOOKMARK [2][-]{subsection.3.2.4}{\376\377\0003\000.\0002\000.\0004\000\040\000T\000Q\117\040\144\255}{section.3.2}% 38
\BOOKMARK [2][-]{subsection.3.2.5}{\376\377\0003\000.\0002\000.\0005\000\040\215\357\165\061\220\011\142\351}{section.3.2}% 39
\BOOKMARK [1][-]{section.3.3}{\376\377\0003\000.\0003\000\040\121\150\134\100\000Q\000o\000S\117\335\226\234\142\200\147\057}{chapter.3}% 40
\BOOKMARK [2][-]{subsection.3.3.1}{\376\377\0003\000.\0003\000.\0001\000\040\122\022\122\006\133\120\177\121}{section.3.3}% 41
\BOOKMARK [2][-]{subsection.3.3.2}{\376\377\0003\000.\0003\000.\0002\000\040\211\306\230\221\136\047\147\103\221\315\226\037\122\027\146\040\134\004}{section.3.3}% 42
\BOOKMARK [2][-]{subsection.3.3.3}{\376\377\0003\000.\0003\000.\0003\000\040\171\373\122\250\127\072\146\157\116\013\166\204\000Q\000o\000S\117\335\226\234}{section.3.3}% 43
\BOOKMARK [1][-]{section.3.4}{\376\377\0003\000.\0004\000\040\217\205\122\251\152\041\127\127\137\000\123\321}{chapter.3}% 44
\BOOKMARK [0][]{chapter.4}{\376\377\173\054\0004\172\340\000\040\000\040\230\171\166\356\133\236\163\260}{ctitle.-1}% 45
\BOOKMARK [1][-]{section.4.1}{\376\377\0004\000.\0001\000\040\117\341\220\123\226\224\171\273}{chapter.4}% 46
\BOOKMARK [2][-]{subsection.4.1.1}{\376\377\0004\000.\0001\000.\0001\000\040\166\370\220\273\224\376\215\357\136\162\142\160}{section.4.1}% 47
\BOOKMARK [2][-]{subsection.4.1.2}{\376\377\0004\000.\0001\000.\0002\000\040\226\220\176\310\172\357}{section.4.1}% 48
\BOOKMARK [1][-]{section.4.2}{\376\377\0004\000.\0002\000\040\211\306\230\221\136\047\147\103\221\315\226\037\122\027\146\040\134\004}{chapter.4}% 49
\BOOKMARK [2][-]{subsection.4.2.1}{\376\377\0004\000.\0002\000.\0001\000\040\211\306\230\221\136\047\122\006\134\102\177\026\170\001}{section.4.2}% 50
\BOOKMARK [2][-]{subsection.4.2.2}{\376\377\0004\000.\0002\000.\0002\000\040\0008\0000\0002\000.\0001\0001\000e\130\236\137\072\122\006\136\003\137\017\123\117\214\003\213\277\225\356\000\050\000E\000D\000C\000A\000\051}{section.4.2}% 51
\BOOKMARK [2][-]{subsection.4.2.3}{\376\377\0004\000.\0002\000.\0003\000\040\211\306\230\221\136\047\146\040\134\004\147\072\122\066}{section.4.2}% 52
\BOOKMARK [2][-]{subsection.4.2.4}{\376\377\0004\000.\0002\000.\0004\000\040\133\236\232\214\232\214\213\301}{section.4.2}% 53
\BOOKMARK [0][]{section*.42}{\376\377\143\322\126\376\175\042\137\025}{ctitle.-1}% 54
\BOOKMARK [0][]{section*.44}{\376\377\210\150\150\074\175\042\137\025}{ctitle.-1}% 55
\BOOKMARK [0][]{section*.46}{\376\377\121\154\137\017\175\042\137\025}{ctitle.-1}% 56
\BOOKMARK [0][]{section*.48}{\376\377\123\302\200\003\145\207\163\056}{ctitle.-1}% 57
\BOOKMARK [0][]{section*.50}{\376\377\201\364\000\040\214\042}{ctitle.-1}% 58
\BOOKMARK [0][]{section*.52}{\376\377\130\360\000\040\146\016}{ctitle.-1}% 59
\BOOKMARK [0][]{appendix.A}{\376\377\226\104\137\125\000\040\000A\000\040\000\040\131\026\145\207\215\104\145\231\123\237\145\207}{ctitle.-1}% 60
\BOOKMARK [1][-]{section.A.1}{\376\377\000A\000.\0001\000\040\000S\000i\000n\000g\000l\000e\000-\000O\000b\000j\000e\000c\000t\000i\000v\000e\000\040\000P\000r\000o\000g\000r\000a\000m\000m\000i\000n\000g}{appendix.A}% 61
\BOOKMARK [2][-]{subsection.A.1.1}{\376\377\000A\000.\0001\000.\0001\000\040\000L\000i\000n\000e\000a\000r\000\040\000P\000r\000o\000g\000r\000a\000m\000m\000i\000n\000g}{section.A.1}% 62
\BOOKMARK [2][-]{subsection.A.1.2}{\376\377\000A\000.\0001\000.\0002\000\040\000N\000o\000n\000l\000i\000n\000e\000a\000r\000\040\000P\000r\000o\000g\000r\000a\000m\000m\000i\000n\000g}{section.A.1}% 63
\BOOKMARK [2][-]{subsection.A.1.3}{\376\377\000A\000.\0001\000.\0003\000\040\000I\000n\000t\000e\000g\000e\000r\000\040\000P\000r\000o\000g\000r\000a\000m\000m\000i\000n\000g}{section.A.1}% 64
\BOOKMARK [0][]{appendix.B}{\376\377\226\104\137\125\000\040\000B\000\040\000\040\131\026\145\207\215\104\145\231\166\204\214\003\170\024\226\005\213\373\142\245\124\112\142\026\116\146\227\142\177\373\213\321}{ctitle.-1}% 65
\BOOKMARK [1][-]{section.B.1}{\376\377\000B\000.\0001\000\040\123\125\166\356\150\007\211\304\122\022}{appendix.B}% 66
\BOOKMARK [2][-]{subsection.B.1.1}{\376\377\000B\000.\0001\000.\0001\000\040\176\277\140\047\211\304\122\022}{section.B.1}% 67
\BOOKMARK [2][-]{subsection.B.1.2}{\376\377\000B\000.\0001\000.\0002\000\040\227\136\176\277\140\047\211\304\122\022}{section.B.1}% 68
\BOOKMARK [2][-]{subsection.B.1.3}{\376\377\000B\000.\0001\000.\0003\000\040\145\164\145\160\211\304\122\022}{section.B.1}% 69
\BOOKMARK [0][]{appendix.C}{\376\377\226\104\137\125\000\040\000C\000\040\000\040\121\166\133\203\226\104\137\125}{ctitle.-1}% 70
\BOOKMARK [0][]{section*.62}{\376\377\116\052\116\272\173\200\123\206\060\001\127\050\133\146\147\037\225\364\123\321\210\150\166\204\133\146\147\057\213\272\145\207\116\016\170\024\172\166\142\020\147\234}{ctitle.-1}% 71
