\BOOKMARK [1][-]{toc1.1}{Contents}{}% 1
\BOOKMARK [1][-]{section.1}{1 模板介绍}{}% 2
\BOOKMARK [1][-]{section.2}{2 安装}{}% 3
\BOOKMARK [2][-]{subsection.2.1}{2.1 下载}{section.2}% 4
\BOOKMARK [2][-]{subsection.2.2}{2.2 模板的组成部分}{section.2}% 5
\BOOKMARK [2][-]{subsection.2.3}{2.3 准备工作}{section.2}% 6
\BOOKMARK [2][-]{subsection.2.4}{2.4 开始安装}{section.2}% 7
\BOOKMARK [3][-]{subsubsection.2.4.1}{2.4.1 生成模板}{subsection.2.4}% 8
\BOOKMARK [3][-]{subsubsection.2.4.2}{2.4.2\040X0.5ex0.5ex"018E0.5exLaTeX}{subsection.2.4}% 9
\BOOKMARK [3][-]{subsubsection.2.4.3}{2.4.3\040dvipdfmx}{subsection.2.4}% 10
\BOOKMARK [3][-]{subsubsection.2.4.4}{2.4.4\040PDFLaTeX}{subsection.2.4}% 11
\BOOKMARK [3][-]{subsubsection.2.4.5}{2.4.5\040latexmk}{subsection.2.4}% 12
\BOOKMARK [3][-]{subsubsection.2.4.6}{2.4.6\040make}{subsection.2.4}% 13
\BOOKMARK [2][-]{subsection.2.5}{2.5 升级}{section.2}% 14
\BOOKMARK [1][-]{section.3}{3 使用说明}{}% 15
\BOOKMARK [2][-]{subsection.3.1}{3.1 关于提问}{section.3}% 16
\BOOKMARK [2][-]{subsection.3.2}{3.2 示例文件}{section.3}% 17
\BOOKMARK [2][-]{subsection.3.3}{3.3 论文选项}{section.3}% 18
\BOOKMARK [2][-]{subsection.3.4}{3.4 中文字体}{section.3}% 19
\BOOKMARK [3][-]{subsubsection.3.4.1}{3.4.1 字体配置}{subsection.3.4}% 20
\BOOKMARK [3][-]{subsubsection.3.4.2}{3.4.2 字体命令}{subsection.3.4}% 21
\BOOKMARK [2][-]{subsection.3.5}{3.5 封面信息}{section.3}% 22
\BOOKMARK [3][-]{subsubsection.3.5.1}{3.5.1 密级}{subsection.3.5}% 23
\BOOKMARK [3][-]{subsubsection.3.5.2}{3.5.2 博士后专用参数}{subsection.3.5}% 24
\BOOKMARK [3][-]{subsubsection.3.5.3}{3.5.3 论文标题}{subsection.3.5}% 25
\BOOKMARK [3][-]{subsubsection.3.5.4}{3.5.4 作者姓名}{subsection.3.5}% 26
\BOOKMARK [3][-]{subsubsection.3.5.5}{3.5.5 申请学位名称}{subsection.3.5}% 27
\BOOKMARK [3][-]{subsubsection.3.5.6}{3.5.6 院系名称}{subsection.3.5}% 28
\BOOKMARK [3][-]{subsubsection.3.5.7}{3.5.7 专业名称}{subsection.3.5}% 29
\BOOKMARK [3][-]{subsubsection.3.5.8}{3.5.8 导师}{subsection.3.5}% 30
\BOOKMARK [3][-]{subsubsection.3.5.9}{3.5.9 成文日期}{subsection.3.5}% 31
\BOOKMARK [3][-]{subsubsection.3.5.10}{3.5.10 摘要}{subsection.3.5}% 32
\BOOKMARK [3][-]{subsubsection.3.5.11}{3.5.11 符号对照表}{subsection.3.5}% 33
\BOOKMARK [2][-]{subsection.3.6}{3.6 目录和索引表}{section.3}% 34
\BOOKMARK [2][-]{subsection.3.7}{3.7 封底部分}{section.3}% 35
\BOOKMARK [3][-]{subsubsection.3.7.1}{3.7.1 致谢声明}{subsection.3.7}% 36
\BOOKMARK [3][-]{subsubsection.3.7.2}{3.7.2 附录}{subsection.3.7}% 37
\BOOKMARK [3][-]{subsubsection.3.7.3}{3.7.3 简历}{subsection.3.7}% 38
\BOOKMARK [2][-]{subsection.3.8}{3.8 自定义}{section.3}% 39
\BOOKMARK [3][-]{subsubsection.3.8.1}{3.8.1 数学环境}{subsection.3.8}% 40
\BOOKMARK [3][-]{subsubsection.3.8.2}{3.8.2 引用方式}{subsection.3.8}% 41
\BOOKMARK [3][-]{subsubsection.3.8.3}{3.8.3 列表环境}{subsection.3.8}% 42
\BOOKMARK [3][-]{subsubsection.3.8.4}{3.8.4 书脊}{subsection.3.8}% 43
\BOOKMARK [2][-]{subsection.3.9}{3.9 其它}{section.3}% 44
\BOOKMARK [1][-]{section.4}{4 致谢}{}% 45
\BOOKMARK [1][-]{section.5}{5 实现细节}{}% 46
\BOOKMARK [2][-]{subsection.5.1}{5.1 基本信息}{section.5}% 47
\BOOKMARK [2][-]{subsection.5.2}{5.2 定义选项}{section.5}% 48
\BOOKMARK [2][-]{subsection.5.3}{5.3 装载宏包}{section.5}% 49
\BOOKMARK [2][-]{subsection.5.4}{5.4 页面设置}{section.5}% 50
\BOOKMARK [2][-]{subsection.5.5}{5.5 主文档格式}{section.5}% 51
\BOOKMARK [3][-]{subsubsection.5.5.1}{5.5.1\040Three\040matters}{subsection.5.5}% 52
\BOOKMARK [3][-]{subsubsection.5.5.2}{5.5.2 字体}{subsection.5.5}% 53
\BOOKMARK [3][-]{subsubsection.5.5.3}{5.5.3 页眉页脚}{subsection.5.5}% 54
\BOOKMARK [3][-]{subsubsection.5.5.4}{5.5.4 段落}{subsection.5.5}% 55
\BOOKMARK [3][-]{subsubsection.5.5.5}{5.5.5 脚注}{subsection.5.5}% 56
\BOOKMARK [3][-]{subsubsection.5.5.6}{5.5.6 数学相关}{subsection.5.5}% 57
\BOOKMARK [3][-]{subsubsection.5.5.7}{5.5.7 浮动对象以及表格}{subsection.5.5}% 58
\BOOKMARK [3][-]{subsubsection.5.5.8}{5.5.8 章节标题}{subsection.5.5}% 59
\BOOKMARK [3][-]{subsubsection.5.5.9}{5.5.9 目录}{subsection.5.5}% 60
\BOOKMARK [3][-]{subsubsection.5.5.10}{5.5.10 封面和封底}{subsection.5.5}% 61
\BOOKMARK [3][-]{subsubsection.5.5.11}{5.5.11 摘要}{subsection.5.5}% 62
\BOOKMARK [3][-]{subsubsection.5.5.12}{5.5.12 主要符号表}{subsection.5.5}% 63
\BOOKMARK [3][-]{subsubsection.5.5.13}{5.5.13 致谢以及声明}{subsection.5.5}% 64
\BOOKMARK [3][-]{subsubsection.5.5.14}{5.5.14 图表索引}{subsection.5.5}% 65
\BOOKMARK [2][-]{subsection.5.6}{5.6 参考文献}{section.5}% 66
\BOOKMARK [2][-]{subsection.5.7}{5.7 附录}{section.5}% 67
\BOOKMARK [2][-]{subsection.5.8}{5.8 个人简历}{section.5}% 68
\BOOKMARK [2][-]{subsection.5.9}{5.9 书脊}{section.5}% 69
\BOOKMARK [2][-]{subsection.5.10}{5.10 自定义命令和环境}{section.5}% 70
\BOOKMARK [2][-]{subsection.5.11}{5.11 其它}{section.5}% 71
\BOOKMARK [1][-]{glossary2.1}{修改记录}{}% 72
\BOOKMARK [1][-]{index3.1}{索引}{}% 73
\BOOKMARK [2][-]{HD.Symbols.2}{Symbols}{index3.1}% 74
\BOOKMARK [2][-]{HD.A.2}{A}{index3.1}% 75
\BOOKMARK [2][-]{HD.B.2}{B}{index3.1}% 76
\BOOKMARK [2][-]{HD.C.2}{C}{index3.1}% 77
\BOOKMARK [2][-]{HD.D.2}{D}{index3.1}% 78
\BOOKMARK [2][-]{HD.E.2}{E}{index3.1}% 79
\BOOKMARK [2][-]{HD.F.2}{F}{index3.1}% 80
\BOOKMARK [2][-]{HD.G.2}{G}{index3.1}% 81
\BOOKMARK [2][-]{HD.H.2}{H}{index3.1}% 82
\BOOKMARK [2][-]{HD.I.2}{I}{index3.1}% 83
\BOOKMARK [2][-]{HD.K.2}{K}{index3.1}% 84
\BOOKMARK [2][-]{HD.L.2}{L}{index3.1}% 85
\BOOKMARK [2][-]{HD.M.2}{M}{index3.1}% 86
\BOOKMARK [2][-]{HD.N.2}{N}{index3.1}% 87
\BOOKMARK [2][-]{HD.O.2}{O}{index3.1}% 88
\BOOKMARK [2][-]{HD.P.2}{P}{index3.1}% 89
\BOOKMARK [2][-]{HD.Q.2}{Q}{index3.1}% 90
\BOOKMARK [2][-]{HD.R.2}{R}{index3.1}% 91
\BOOKMARK [2][-]{HD.S.2}{S}{index3.1}% 92
\BOOKMARK [2][-]{HD.T.2}{T}{index3.1}% 93
\BOOKMARK [2][-]{HD.U.2}{U}{index3.1}% 94
\BOOKMARK [2][-]{HD.V.2}{V}{index3.1}% 95
\BOOKMARK [2][-]{HD.W.2}{W}{index3.1}% 96
\BOOKMARK [2][-]{HD.X.2}{X}{index3.1}% 97
\BOOKMARK [2][-]{HD.Y.2}{Y}{index3.1}% 98
\BOOKMARK [2][-]{HD.Z.2}{Z}{index3.1}% 99
